<?xml version="1.0" encoding="UTF-8"?>
<testng-results skipped="0" failed="0" ignored="0" total="1" passed="1">
  <reporter-output>
  </reporter-output>
  <suite name="Suite" duration-ms="54433" started-at="2023-01-17T18:13:13 IST" finished-at="2023-01-17T18:14:07 IST">
    <groups>
    </groups>
    <test name="Test" duration-ms="54433" started-at="2023-01-17T18:13:13 IST" finished-at="2023-01-17T18:14:07 IST">
      <class name="Assignment_6.Test_AddUser">
        <test-method status="PASS" signature="setUp()[pri:0, instance:Assignment_6.Test_AddUser@365185bd]" name="setUp" is-config="true" duration-ms="18192" started-at="2023-01-17T18:13:13 IST" finished-at="2023-01-17T18:13:31 IST">
          <reporter-output>
          </reporter-output>
        </test-method> <!-- setUp -->
        <test-method status="PASS" signature="addUser()[pri:0, instance:Assignment_6.Test_AddUser@365185bd]" name="addUser" duration-ms="36175" started-at="2023-01-17T18:13:31 IST" finished-at="2023-01-17T18:14:07 IST">
          <reporter-output>
          </reporter-output>
        </test-method> <!-- addUser -->
      </class> <!-- Assignment_6.Test_AddUser -->
    </test> <!-- Test -->
  </suite> <!-- Suite -->
</testng-results>
